mode: set
consoleApps/09-unit-tests/greeter.go:8.42,9.20 1 1
consoleApps/09-unit-tests/greeter.go:13.2,14.9 2 1
consoleApps/09-unit-tests/greeter.go:29.2,30.68 2 1
consoleApps/09-unit-tests/greeter.go:9.20,11.3 1 1
consoleApps/09-unit-tests/greeter.go:15.29,16.26 1 1
consoleApps/09-unit-tests/greeter.go:17.30,18.28 1 1
consoleApps/09-unit-tests/greeter.go:19.31,20.21 1 1
consoleApps/09-unit-tests/greeter.go:21.31,22.28 1 1
consoleApps/09-unit-tests/greeter.go:23.31,24.26 1 1
consoleApps/09-unit-tests/greeter.go:25.10,26.32 1 1
