mode: set
github.com/ozonmp/act-device-api/homework/09-unit-tests/greeter.go:8.42,9.20 1 1
github.com/ozonmp/act-device-api/homework/09-unit-tests/greeter.go:12.2,14.36 3 1
github.com/ozonmp/act-device-api/homework/09-unit-tests/greeter.go:18.2,19.9 2 1
github.com/ozonmp/act-device-api/homework/09-unit-tests/greeter.go:34.2,34.65 1 1
github.com/ozonmp/act-device-api/homework/09-unit-tests/greeter.go:9.20,11.3 1 1
github.com/ozonmp/act-device-api/homework/09-unit-tests/greeter.go:14.36,16.3 1 1
github.com/ozonmp/act-device-api/homework/09-unit-tests/greeter.go:20.30,21.26 1 1
github.com/ozonmp/act-device-api/homework/09-unit-tests/greeter.go:22.30,23.28 1 1
github.com/ozonmp/act-device-api/homework/09-unit-tests/greeter.go:24.31,25.21 1 1
github.com/ozonmp/act-device-api/homework/09-unit-tests/greeter.go:26.31,27.28 1 1
github.com/ozonmp/act-device-api/homework/09-unit-tests/greeter.go:28.30,29.26 1 1
github.com/ozonmp/act-device-api/homework/09-unit-tests/greeter.go:30.10,31.32 1 1
